*PADS-PCB*
*PART*
C1     C0805_M
C2     C0603_M
C3     C0805_M
C5     C0402_H
C7     C0402_H
C8     C0603_M
C9     C0603_M
C11    C0402_H
C12    C0402_H
C13    C0402_H
C14    C0402_H
C15    C0603_H
C16    C0402_H
C17    C0603_H
C18    C0402_H
C19    C0402_H
C20    C0402_H
C21    C0402_H
C22    C0402_H
C23    C0402_H
C24    C0603_H
C25    C0402_H
C26    C0603_H
C27    C0402_H
C28    C0402_H
C29    C0402_H
C30    C0402_H
C31    C0402_H
CK1    C0603_M
CK2    C0603_M
CK3    C0603_M
FID1   FID_1MM
FID2   FID_1MM
FID3   FID_1MM
J1     CON_WE_61300311121
J2     CON_FCI_10118192
J3     CON_WE_61300211121
J4     CON_FCI_75915-310LF
J5     CON_WE_61201021621
J6     CON_WE_61200621621
J7     CON_FCI_10056847-101LF
LD1    LED_WL-SMCW_1206
LD2    LED_WL-SMCW_1206
MEC1   
MEC2   
Q1     SOT23-3_H
Q2     SOT23-3_H
Q3     SOT23-3_H
Q4     SOT23-3_H
Q5     SOT23-3_H
R1     C0603_M
R2     C0603_M
R3     C0603_M
R4     C0603_M
R5     C0603_M
R6     C0603_M
R7     C0603_M
R8     C0603_M
R9     C0603_M
R10    C0603_M
R11    C0603_M
R12    C0603_M
R13    C0603_M
R14    C0402_H
R15    C0603_M
R16    C0603_M
R20    C0603_M
R21    C0603_M
R22    C0603_M
R23    C0603_M
R24    C0603_M
R25    C0603_M
TP1    TP-1MM
TP2    TP-1MM
TP3    TP-1MM
TVS1   C0603_M
TVS2   C0603_M
TVS3   C0603_M
U1     SOT-666_M
U2     TSOP5-ON
U3     TSOP5-ON
U4     LQFP48_P50_M-STM
U5     TSOP5-ON
U6     SOT23-6_M
U7     SOT23-5_M
U8     TSOP5-ON
U9     TSOP5-ON
U10    SOT23-5_M
U11    TSOP5-ON
XT1    XTAL-NX3225SA
*END*
